\BOOKMARK [1][-]{section.1}{\376\377\0001\000.\000\040\000V\000e\000c\000t\000o\000r\000s\000\040\000a\000n\000d\000\040\000t\000h\000e\000\040\000T\000h\000r\000e\000e\000-\000D\000i\000m\000e\000n\000s\000i\000o\000n\000a\000l\000\040\000S\000p\000a\000c\000e}{}% 1
\BOOKMARK [1][-]{section.2}{\376\377\0002\000.\000\040\000C\000r\000o\000s\000s\000\040\000P\000r\000o\000d\000u\000c\000t\000,\000\040\000L\000i\000n\000e\000s\000\040\000a\000n\000d\000\040\000P\000l\000a\000n\000e\000s}{}% 2
\BOOKMARK [1][-]{section.3}{\376\377\0003\000.\000\040\000M\000u\000l\000t\000i\000v\000a\000r\000i\000a\000b\000l\000e\000\040\000F\000u\000n\000c\000t\000i\000o\000n\000s\000,\000\040\000L\000i\000m\000i\000t\000s\000\040\000a\000n\000d\000\040\000P\000a\000r\000t\000i\000a\000l\000\040\000D\000e\000r\000i\000v\000a\000t\000i\000v\000e\000s}{}% 3
\BOOKMARK [1][-]{section.4}{\376\377\0004\000.\000\040\000C\000h\000a\000i\000n\000\040\000R\000u\000l\000e\000\040\000a\000n\000d\000\040\000D\000i\000r\000e\000c\000t\000i\000o\000n\000a\000l\000\040\000D\000e\000r\000i\000v\000a\000t\000i\000v\000e\000s}{}% 4
\BOOKMARK [1][-]{appendix.a.A}{\376\377\000A\000.\000\040\000A\000d\000d\000i\000t\000i\000o\000n\000a\000l\000\040\000P\000r\000o\000b\000l\000e\000m\000s\000\040\000I}{}% 5
\BOOKMARK [1][-]{appendix.5}{\376\377\0005\000.\000\040\000M\000a\000x\000i\000m\000a\000\040\000a\000n\000d\000\040\000M\000i\000n\000i\000m\000a}{}% 6
\BOOKMARK [1][-]{appendix.6}{\376\377\0006\000.\000\040\000L\000a\000g\000r\000a\000n\000g\000e\000\040\000M\000u\000l\000t\000i\000p\000l\000i\000e\000r\000s}{}% 7
\BOOKMARK [1][-]{appendix.7}{\376\377\0007\000.\000\040\000B\000a\000s\000i\000c\000\040\000D\000o\000u\000b\000l\000e\000\040\000I\000n\000t\000e\000g\000r\000a\000l\000s}{}% 8
\BOOKMARK [1][-]{appendix.8}{\376\377\0008\000.\000\040\000M\000o\000r\000e\000\040\000o\000n\000\040\000D\000o\000u\000b\000l\000e\000\040\000I\000n\000t\000e\000g\000r\000a\000l\000s}{}% 9
\BOOKMARK [1][-]{appendix.9}{\376\377\0009\000.\000\040\000D\000o\000u\000b\000l\000e\000\040\000I\000n\000t\000e\000g\000r\000a\000l\000\040\000w\000i\000t\000h\000\040\000P\000o\000l\000a\000r\000\040\000C\000o\000o\000r\000d\000i\000n\000a\000t\000e\000s}{}% 10
\BOOKMARK [1][-]{appendix.10}{\376\377\0001\0000\000.\000\040\000T\000r\000i\000p\000l\000e\000\040\000i\000n\000t\000e\000g\000r\000a\000l\000s}{}% 11
\BOOKMARK [1][-]{appendix.11}{\376\377\0001\0001\000.\000\040\000C\000y\000l\000i\000n\000d\000r\000i\000c\000a\000l\000,\000\040\000s\000p\000h\000e\000r\000i\000c\000a\000l\000\040\000c\000o\000o\000r\000d\000i\000n\000a\000t\000e\000s\000,\000\040\000a\000n\000d\000\040\000c\000h\000a\000n\000g\000e\000\040\000o\000f\000\040\000v\000a\000r\000i\000a\000b\000l\000e\000s\000.}{}% 12
\BOOKMARK [1][-]{appendix.12}{\376\377\0001\0002\000.\000\040\000V\000e\000c\000t\000o\000r\000\040\000F\000i\000e\000l\000d\000s\000\040\000a\000n\000d\000\040\000L\000i\000n\000e\000\040\000I\000n\000t\000e\000g\000r\000a\000l}{}% 13
\BOOKMARK [1][-]{appendix.13}{\376\377\0001\0003\000.\000\040\000C\000o\000n\000s\000e\000r\000v\000a\000t\000i\000v\000e\000\040\000v\000e\000c\000t\000o\000r\000\040\000f\000i\000e\000l\000d\000s\000\040\000a\000n\000d\000\040\000f\000u\000n\000d\000a\000m\000e\000n\000t\000a\000l\000\040\000t\000h\000e\000o\000r\000e\000m\000\040\000o\000f\000\040\000p\000a\000t\000h\000\040\000i\000n\000t\000e\000g\000r\000a\000l\000s\000.}{}% 14
\BOOKMARK [1][-]{appendix.14}{\376\377\0001\0004\000.\000\040\000\040\000G\000r\000e\000e\000n\000'\000s\000\040\000T\000h\000e\000o\000r\000e\000m}{}% 15
\BOOKMARK [1][-]{appendix.15}{\376\377\0001\0005\000.\000\040\000C\000u\000r\000l\000\040\000a\000n\000d\000\040\000D\000i\000v\000e\000r\000g\000e\000n\000c\000e}{}% 16
\BOOKMARK [1][-]{appendix.16}{\376\377\0001\0006\000.\000\040\000P\000a\000r\000a\000m\000e\000t\000r\000i\000c\000\040\000s\000u\000r\000f\000a\000c\000e\000\040\000a\000n\000d\000\040\000s\000u\000r\000f\000a\000c\000e\000\040\000i\000n\000t\000e\000g\000r\000a\000l\000s}{}% 17
\BOOKMARK [1][-]{appendix.17}{\376\377\0001\0007\000.\000\040\000F\000l\000u\000x\000\040\000i\000n\000t\000e\000g\000r\000a\000l}{}% 18
\BOOKMARK [1][-]{appendix.18}{\376\377\0001\0008\000.\000\040\000S\000t\000o\000k\000e\000s\000'\000\040\000t\000h\000e\000o\000r\000e\000m\000\040\000a\000n\000d\000\040\000d\000i\000v\000e\000r\000g\000e\000n\000c\000e\000\040\000t\000h\000e\000o\000r\000e\000m}{}% 19
\BOOKMARK [1][-]{section*.18}{\376\377\000R\000e\000f\000e\000r\000e\000n\000c\000e\000s}{}% 20
