mktexpk --mfmode / --bdpi 600 --mag 2+293/600 --dpi 1493 cyberb6c
mktexpk --mfmode / --bdpi 600 --mag 2+293/600 --dpi 1493 cyberb6c
mktexpk --mfmode / --bdpi 600 --mag 2+293/600 --dpi 1493 cyberb6c
mktexpk --mfmode / --bdpi 600 --mag 2+293/600 --dpi 1493 cyberb6c
mktexpk --mfmode / --bdpi 600 --mag 2+293/600 --dpi 1493 cyberb6c
mktexpk --mfmode / --bdpi 600 --mag 2+293/600 --dpi 1493 cyberb6c
mktexpk --mfmode / --bdpi 600 --mag 1+57/600 --dpi 657 cyberb6c
mktexpk --mfmode / --bdpi 600 --mag 1+264/600 --dpi 864 cyberb6c
mktexpk --mfmode / --bdpi 600 --mag 1+120/600 --dpi 720 cyberb6c
mktexpk --mfmode / --bdpi 600 --mag 0+540/600 --dpi 540 cyberb65
mktexpk --mfmode / --bdpi 600 --mag 0+540/600 --dpi 540 cyberb65
mktexpk --mfmode / --bdpi 600 --mag 0+540/600 --dpi 540 cyberb65
mktexpk --mfmode / --bdpi 600 --mag 0+540/600 --dpi 540 cyberb65
mktexpk --mfmode / --bdpi 600 --mag 1+57/600 --dpi 657 cyberb7b
mktexpk --mfmode / --bdpi 600 --mag 1+57/600 --dpi 657 cyberb7b
mktexpk --mfmode / --bdpi 600 --mag 1+57/600 --dpi 657 cyberb7b
mktexpk --mfmode / --bdpi 600 --mag 1+57/600 --dpi 657 cyberb7b
mktexpk --mfmode / --bdpi 600 --mag 1+57/600 --dpi 657 cyberb7b
mktexpk --mfmode / --bdpi 600 --mag 1+57/600 --dpi 657 cyberb7b
mktexpk --mfmode / --bdpi 600 --mag 1+57/600 --dpi 657 cyberb7b
mktexpk --mfmode / --bdpi 600 --mag 1+57/600 --dpi 657 cyberb67
mktexpk --mfmode / --bdpi 600 --mag 1+57/600 --dpi 657 cyberb67
mktexpk --mfmode / --bdpi 600 --mag 1+57/600 --dpi 657 cyberb67
mktexpk --mfmode / --bdpi 600 --mag 1+57/600 --dpi 657 unifs67
mktexpk --mfmode / --bdpi 600 --mag 1+57/600 --dpi 657 unifs67
mktexpk --mfmode / --bdpi 600 --mag 1+57/600 --dpi 657 unifs67
mktexpk --mfmode / --bdpi 600 --mag 1+57/600 --dpi 657 unifs67
mktexpk --mfmode / --bdpi 600 --mag 1+57/600 --dpi 657 unifs67
mktexpk --mfmode / --bdpi 600 --mag 1+57/600 --dpi 657 unifs67
mktexpk --mfmode / --bdpi 600 --mag 1+57/600 --dpi 657 unifs67
mktexpk --mfmode / --bdpi 600 --mag 1+57/600 --dpi 657 unifsff
mktexpk --mfmode / --bdpi 600 --mag 1+57/600 --dpi 657 unifsff
mktexpk --mfmode / --bdpi 600 --mag 1+57/600 --dpi 657 unifs51
mktextfm KaiTi/OT
mktextfm KaiTi/OT
mktextfm KaiTi/OT
mktextfm KaiTi/I/OT
mktextfm KaiTi/OT
mktextfm KaiTi/BI/OT
mktextfm KaiTi/OT
mktextfm KaiTi/I/OT
mktextfm KaiTi/OT
mktextfm KaiTi/OT
mktextfm KaiTi/OT
mktextfm KaiTi/OT
mktextfm KaiTi/OT
mktextfm KaiTi/OT
